<?xml version="1.0" encoding="UTF-8"?>
<testsuite name="me.dio.ApplicationTests" tests="1" skipped="0" failures="0" errors="0" timestamp="2023-10-10T12:31:39" hostname="VITOR" time="0.496">
  <properties/>
  <testcase name="contextLoads()" classname="me.dio.ApplicationTests" time="0.496"/>
  <system-out><![CDATA[09:31:35.322 [Test worker] INFO org.springframework.test.context.support.AnnotationConfigContextLoaderUtils -- Could not detect default configuration classes for test class [me.dio.ApplicationTests]: ApplicationTests does not declare any static, non-private, non-final, nested classes annotated with @Configuration.
09:31:35.450 [Test worker] INFO org.springframework.boot.test.context.SpringBootTestContextBootstrapper -- Found @SpringBootConfiguration me.dio.Application for test class me.dio.ApplicationTests

  .   ____          _            __ _ _
 /\\ / ___'_ __ _ _(_)_ __  __ _ \ \ \ \
( ( )\___ | '_ | '_| | '_ \/ _` | \ \ \ \
 \\/  ___)| |_)| | | | | || (_| |  ) ) ) )
  '  |____| .__|_| |_|_| |_\__, | / / / /
 =========|_|==============|___/=/_/_/_/
 :: Spring Boot ::                (v3.1.2)

2023-10-10T09:31:35.820-03:00  INFO 1040 --- [    Test worker] me.dio.ApplicationTests                  : Starting ApplicationTests using Java 17.0.7 with PID 1040 (started by vitor in C:\Users\vitor\Desktop\Deploy API\santander-java-backend-developer)
2023-10-10T09:31:35.821-03:00  INFO 1040 --- [    Test worker] me.dio.ApplicationTests                  : No active profile set, falling back to 1 default profile: "default"
2023-10-10T09:31:36.516-03:00  INFO 1040 --- [    Test worker] .s.d.r.c.RepositoryConfigurationDelegate : Bootstrapping Spring Data JPA repositories in DEFAULT mode.
2023-10-10T09:31:36.584-03:00  INFO 1040 --- [    Test worker] .s.d.r.c.RepositoryConfigurationDelegate : Finished Spring Data repository scanning in 59 ms. Found 1 JPA repository interfaces.
2023-10-10T09:31:36.954-03:00  INFO 1040 --- [    Test worker] com.zaxxer.hikari.HikariDataSource       : HikariPool-1 - Starting...
2023-10-10T09:31:37.162-03:00  INFO 1040 --- [    Test worker] com.zaxxer.hikari.pool.HikariPool        : HikariPool-1 - Added connection conn0: url=jdbc:h2:mem:a4546919-2557-4995-aa95-1c5dd678ce19 user=SA
2023-10-10T09:31:37.164-03:00  INFO 1040 --- [    Test worker] com.zaxxer.hikari.HikariDataSource       : HikariPool-1 - Start completed.
2023-10-10T09:31:37.215-03:00  INFO 1040 --- [    Test worker] o.hibernate.jpa.internal.util.LogHelper  : HHH000204: Processing PersistenceUnitInfo [name: default]
2023-10-10T09:31:37.275-03:00  INFO 1040 --- [    Test worker] org.hibernate.Version                    : HHH000412: Hibernate ORM core version 6.2.6.Final
2023-10-10T09:31:37.276-03:00  INFO 1040 --- [    Test worker] org.hibernate.cfg.Environment            : HHH000406: Using bytecode reflection optimizer
2023-10-10T09:31:37.442-03:00  INFO 1040 --- [    Test worker] o.h.b.i.BytecodeProviderInitiator        : HHH000021: Bytecode provider name : bytebuddy
2023-10-10T09:31:37.585-03:00  INFO 1040 --- [    Test worker] o.s.o.j.p.SpringPersistenceUnitInfo      : No LoadTimeWeaver setup: ignoring JPA class transformer
2023-10-10T09:31:37.873-03:00  INFO 1040 --- [    Test worker] o.h.b.i.BytecodeProviderInitiator        : HHH000021: Bytecode provider name : bytebuddy
2023-10-10T09:31:38.535-03:00  INFO 1040 --- [    Test worker] o.h.e.t.j.p.i.JtaPlatformInitiator       : HHH000490: Using JtaPlatform implementation: [org.hibernate.engine.transaction.jta.platform.internal.NoJtaPlatform]
2023-10-10T09:31:38.606-03:00  INFO 1040 --- [    Test worker] j.LocalContainerEntityManagerFactoryBean : Initialized JPA EntityManagerFactory for persistence unit 'default'
2023-10-10T09:31:39.040-03:00  WARN 1040 --- [    Test worker] JpaBaseConfiguration$JpaWebConfiguration : spring.jpa.open-in-view is enabled by default. Therefore, database queries may be performed during view rendering. Explicitly configure spring.jpa.open-in-view to disable this warning
2023-10-10T09:31:39.445-03:00  INFO 1040 --- [    Test worker] me.dio.ApplicationTests                  : Started ApplicationTests in 3.831 seconds (process running for 4.97)
]]></system-out>
  <system-err><![CDATA[]]></system-err>
</testsuite>
